Summary of SPARK analysis
=========================

----------------------------------------------------------------------------------------------------------
SPARK Analysis results        Total       Flow   Interval   CodePeer        Provers   Justified   Unproved
----------------------------------------------------------------------------------------------------------
Data Dependencies                 .          .          .          .              .           .          .
Flow Dependencies                 .          .          .          .              .           .          .
Initialization                    6          6          .          .              .           .          .
Non-Aliasing                      .          .          .          .              .           .          .
Run-time Checks                   7          .          .          .    2 (altergo)           .          5
Assertions                        .          .          .          .              .           .          .
Functional Contracts              .          .          .          .              .           .          .
LSP Verification                  .          .          .          .              .           .          .
----------------------------------------------------------------------------------------------------------
Total                            13    6 (46%)          .          .        2 (15%)           .    5 (38%)


Analyzed 9 units
in unit division_check, 2 subprograms and packages out of 2 analyzed
  Division_Check at division_check.ads:1 flow analyzed (0 errors and 0 warnings) and proved (0 checks)
  Division_Check.BMI at division_check.ads:5 flow analyzed (0 errors and 0 warnings) and proved (2 checks)
in unit division_check-main, 0 subprograms and packages out of 1 analyzed
  Division_Check.Main at division_check-main.adb:7 skipped
in unit index_check, 2 subprograms and packages out of 2 analyzed
  Index_Check at index_check.ads:1 flow analyzed (0 errors and 0 warnings) and proved (0 checks)
  Index_Check.Init_Arr_Index at index_check.ads:11 flow analyzed (0 errors and 0 warnings) and not proved, 0 checks out of 1 proved
in unit index_check-main, 0 subprograms and packages out of 1 analyzed
  Index_Check.Main at index_check-main.adb:4 skipped
in unit overflow_check, 3 subprograms and packages out of 3 analyzed
  Overflow_Check at overflow_check.ads:1 flow analyzed (0 errors and 0 warnings) and proved (0 checks)
  Overflow_Check.Add at overflow_check.ads:12 flow analyzed (0 errors and 0 warnings) and not proved, 0 checks out of 1 proved
  Overflow_Check.Sum at overflow_check.ads:14 flow analyzed (0 errors and 0 warnings) and not proved, 0 checks out of 1 proved
in unit project-main, 0 subprograms and packages out of 1 analyzed
  Project_Main at project-main.adb:1 skipped
in unit range_check, 2 subprograms and packages out of 2 analyzed
  Range_Check at range_check.ads:1 flow analyzed (0 errors and 0 warnings) and proved (0 checks)
  Range_Check.sumEmUp at range_check.ads:12 flow analyzed (0 errors and 0 warnings) and not proved, 0 checks out of 2 proved
in unit spark-main, 0 subprograms and packages out of 1 analyzed
  Spark.Main at spark-main.adb:4 skipped
in unit spark-services, 2 subprograms and packages out of 2 analyzed
  Spark.Services at spark-services.ads:1 flow analyzed (0 errors and 0 warnings)
  Spark.Services.test at spark-services.ads:23 flow analyzed (0 errors and 1 warnings)
